<?xml version="1.0" encoding="UTF-8"?>
<!-- Generated by org.testng.reporters.JUnitReportReporter -->
<testsuite hostname="LAPTOP-1HHTK0NR" failures="0" tests="3" name="SeleniumTestingSubeka.ECommerceE2E.FirstTest" time="30.911" errors="0" timestamp="2024-08-31T15:55:34 IST" skipped="0">
  <testcase classname="SeleniumTestingSubeka.ECommerceE2E.FirstTest" name="ECommerceTesting" time="13.072"/>
  <testcase classname="SeleniumTestingSubeka.ECommerceE2E.FirstTest" name="ECommerceTesting" time="14.150"/>
  <testcase classname="SeleniumTestingSubeka.ECommerceE2E.FirstTest" name="orderCheckListValidation" time="3.689"/>
</testsuite> <!-- SeleniumTestingSubeka.ECommerceE2E.FirstTest -->
