<?xml version="1.0" encoding="UTF-8"?>
<!-- Generated by org.testng.reporters.JUnitReportReporter -->
<testsuite hostname="LAPTOP-1HHTK0NR" failures="0" tests="1" name="ExtendReportDemo.InitialDemoonExtend" time="2.354" errors="0" timestamp="2024-08-30T23:24:06 IST" skipped="0">
  <testcase classname="ExtendReportDemo.InitialDemoonExtend" name="intialDemo" time="2.354"/>
</testsuite> <!-- ExtendReportDemo.InitialDemoonExtend -->
