<?xml version="1.0" encoding="UTF-8"?>
<!-- Generated by org.testng.reporters.JUnitReportReporter -->
<testsuite hostname="LAPTOP-1HHTK0NR" failures="0" tests="3" name="SeleniumTestingSubeka.ECommerceE2E.FirstTest" time="40.025" errors="0" timestamp="2024-09-04T21:18:46 IST" skipped="0">
  <testcase classname="SeleniumTestingSubeka.ECommerceE2E.FirstTest" name="ECommerceTesting" time="16.896"/>
  <testcase classname="SeleniumTestingSubeka.ECommerceE2E.FirstTest" name="ECommerceTesting" time="17.420"/>
  <testcase classname="SeleniumTestingSubeka.ECommerceE2E.FirstTest" name="orderCheckListValidation" time="5.709"/>
</testsuite> <!-- SeleniumTestingSubeka.ECommerceE2E.FirstTest -->
