<?xml version="1.0" encoding="UTF-8"?>
<!-- Generated by org.testng.reporters.JUnitReportReporter -->
<testsuite hostname="LAPTOP-1HHTK0NR" failures="0" tests="2" name="SeleniumTestingSubeka.ECommerceE2E.ErrorValidation" time="19.924" errors="0" timestamp="2024-09-04T00:23:08 IST" skipped="0">
  <testcase classname="SeleniumTestingSubeka.ECommerceE2E.ErrorValidation" name="productErrorValidation" time="15.278"/>
  <testcase classname="SeleniumTestingSubeka.ECommerceE2E.ErrorValidation" name="ErrorValidationOnUserName" time="4.646"/>
</testsuite> <!-- SeleniumTestingSubeka.ECommerceE2E.ErrorValidation -->
